<?xml version="1.0" encoding="UTF-8"?>
<testsuite name="OkReflectTest" tests="1" skipped="0" failures="0" errors="0" timestamp="2019-06-28T04:25:05" hostname="oushaozedeMacBook-Pro.local" time="0.012">
  <properties/>
  <testcase name="test1" classname="OkReflectTest" time="0.012"/>
  <system-out><![CDATA[]]></system-out>
  <system-err><![CDATA[]]></system-err>
</testsuite>
